N es igual a 1 


Delays in queue, in minutes:

 sampst                         Number
variable                          of
 number       Average           values          Maximum          Minimum
________________________________________________________________________

<<<<<<< HEAD
    1         3.00885          448.000          6.32719       0.00805664 
=======
    1         3.13880          448.000          6.39285       0.00421143 
>>>>>>> ca8edf86c885191762b40e6c23dcdfa0185b06ec
________________________________________________________________________



Time simulation ended:     481.027 minutes

N es igual a 2 


Delays in queue, in minutes:

 sampst                         Number
variable                          of
 number       Average           values          Maximum          Minimum
________________________________________________________________________

<<<<<<< HEAD
    1         3.10454          432.000          9.45366        0.0138550 
=======
    1         3.08263          425.000          9.45366        0.0133057 
>>>>>>> ca8edf86c885191762b40e6c23dcdfa0185b06ec
________________________________________________________________________



<<<<<<< HEAD
Time simulation ended:     482.449 minutes
=======
Time simulation ended:     482.026 minutes
>>>>>>> ca8edf86c885191762b40e6c23dcdfa0185b06ec

N es igual a 3 


Delays in queue, in minutes:

 sampst                         Number
variable                          of
 number       Average           values          Maximum          Minimum
________________________________________________________________________

<<<<<<< HEAD
    1         3.06249          430.000          10.7905        0.0171204 
=======
    1         3.11338          430.000          10.7905        0.0357056 
>>>>>>> ca8edf86c885191762b40e6c23dcdfa0185b06ec
________________________________________________________________________



<<<<<<< HEAD
Time simulation ended:     480.037 minutes
=======
Time simulation ended:     480.137 minutes
>>>>>>> ca8edf86c885191762b40e6c23dcdfa0185b06ec

N es igual a 4 


Delays in queue, in minutes:

 sampst                         Number
variable                          of
 number       Average           values          Maximum          Minimum
________________________________________________________________________

<<<<<<< HEAD
    1         2.94293          426.000          11.0345     6.10352E-005 
=======
    1         2.93876          426.000          9.18820       0.00231457 
>>>>>>> ca8edf86c885191762b40e6c23dcdfa0185b06ec
________________________________________________________________________



<<<<<<< HEAD
Time simulation ended:     481.026 minutes
=======
Time simulation ended:     481.125 minutes
>>>>>>> ca8edf86c885191762b40e6c23dcdfa0185b06ec

N es igual a 5 


Delays in queue, in minutes:

 sampst                         Number
variable                          of
 number       Average           values          Maximum          Minimum
________________________________________________________________________

<<<<<<< HEAD
    1         2.96479          440.000          8.85483        0.0341187 
=======
    1         2.99021          440.000          9.28204        0.0118752 
>>>>>>> ca8edf86c885191762b40e6c23dcdfa0185b06ec
________________________________________________________________________



Time simulation ended:     480.325 minutes

N es igual a 6 


Delays in queue, in minutes:

 sampst                         Number
variable                          of
 number       Average           values          Maximum          Minimum
________________________________________________________________________

<<<<<<< HEAD
    1         3.41851          415.000          13.1622        0.0291996 
=======
    1         3.48573          415.000          13.1622        0.0291996 
>>>>>>> ca8edf86c885191762b40e6c23dcdfa0185b06ec
________________________________________________________________________



<<<<<<< HEAD
Time simulation ended:     480.871 minutes
=======
Time simulation ended:     481.151 minutes
>>>>>>> ca8edf86c885191762b40e6c23dcdfa0185b06ec

N es igual a 7 


Delays in queue, in minutes:

 sampst                         Number
variable                          of
 number       Average           values          Maximum          Minimum
________________________________________________________________________

<<<<<<< HEAD
    1         3.74197          427.000          15.4488        0.0184937 
=======
    1         3.64581          425.000          14.6417        0.0354996 
>>>>>>> ca8edf86c885191762b40e6c23dcdfa0185b06ec
________________________________________________________________________



Time simulation ended:     480.389 minutes

N es igual a 8 


Delays in queue, in minutes:

 sampst                         Number
variable                          of
 number       Average           values          Maximum          Minimum
________________________________________________________________________

<<<<<<< HEAD
    1         3.91339          443.000          16.2621        0.0121155 
=======
    1         4.30366          438.000          15.6998        0.0178833 
>>>>>>> ca8edf86c885191762b40e6c23dcdfa0185b06ec
________________________________________________________________________



Time simulation ended:     480.020 minutes

N es igual a 9 


Delays in queue, in minutes:

 sampst                         Number
variable                          of
 number       Average           values          Maximum          Minimum
________________________________________________________________________

<<<<<<< HEAD
    1         4.72926          440.000          20.4890      0.000213623 
=======
    1         4.72964          439.000          20.4890      0.000213623 
>>>>>>> ca8edf86c885191762b40e6c23dcdfa0185b06ec
________________________________________________________________________



Time simulation ended:     481.451 minutes

N es igual a 10 


Delays in queue, in minutes:

 sampst                         Number
variable                          of
 number       Average           values          Maximum          Minimum
________________________________________________________________________

<<<<<<< HEAD
    1         4.76143          441.000          18.5706       0.00901794 
=======
    1         4.76007          441.000          18.5706       0.00901794 
>>>>>>> ca8edf86c885191762b40e6c23dcdfa0185b06ec
________________________________________________________________________



Time simulation ended:     481.709 minutes

