
Delays in queue 1, in minutes:

 sampst                         Number
variable                          of
 number       Average           values          Maximum          Minimum
________________________________________________________________________

    1         6.05531          272.000          25.5268         0.000000 
________________________________________________________________________



Delays in queue 2, in minutes:

 sampst                         Number
variable                          of
 number       Average           values          Maximum          Minimum
________________________________________________________________________

    2         6.30562          254.000          32.9586         0.000000 
________________________________________________________________________



Delays in queue 3, in minutes:

 sampst                         Number
variable                          of
 number       Average           values          Maximum          Minimum
________________________________________________________________________

    3         6.21238          244.000          27.4690         0.000000 
________________________________________________________________________



Delays in queue 4, in minutes:

 sampst                         Number
variable                          of
 number       Average           values          Maximum          Minimum
________________________________________________________________________

    4         6.95858          214.000          35.5923         0.000000 
________________________________________________________________________



Delays in queue 5, in minutes:

 sampst                         Number
variable                          of
 number       Average           values          Maximum          Minimum
________________________________________________________________________

    5         6.09300          230.000          31.5463         0.000000 
________________________________________________________________________



Delays in queue 6, in minutes:

 sampst                         Number
variable                          of
 number       Average           values          Maximum          Minimum
________________________________________________________________________

    6         5.47038          233.000          33.8646         0.000000 
________________________________________________________________________



Time simulation ended:     480.304 minutes

