Lista N° 1: Espera en la cola
Lista N° 2: Espera en el servidor
Lista N° 3: Espera en el sistema
Lista N° 4: Espera de clientes que renunciaron

 sampst                         Number
variable                          of
 number       Average           values          Maximum          Minimum
________________________________________________________________________

    1         0.00000          0.00000    -1.00000E+030     1.00000E+030 

    2         0.00000          0.00000    -1.00000E+030     1.00000E+030 

    3         0.00000          0.00000    -1.00000E+030     1.00000E+030 

    4         7.68511          1.00000          7.68511          7.68511 
________________________________________________________________________



Time simulation ended:    2015.092 minutos

Lista N° 1: Espera en la cola
Lista N° 2: Espera en el servidor
Lista N° 3: Espera en el sistema
Lista N° 4: Espera de clientes que renunciaron

 sampst                         Number
variable                          of
 number       Average           values          Maximum          Minimum
________________________________________________________________________

    1         0.00000          0.00000    -1.00000E+030     1.00000E+030 

    2         0.00000          0.00000    -1.00000E+030     1.00000E+030 

    3         0.00000          0.00000    -1.00000E+030     1.00000E+030 

    4         7.04674          1.00000          7.04674          7.04674 
________________________________________________________________________



Time simulation ended:    2000.771 minutos

Lista N° 1: Espera en la cola
Lista N° 2: Espera en el servidor
Lista N° 3: Espera en el sistema
Lista N° 4: Espera de clientes que renunciaron

 sampst                         Number
variable                          of
 number       Average           values          Maximum          Minimum
________________________________________________________________________

    1         0.00000          0.00000    -1.00000E+030     1.00000E+030 

    2         0.00000          0.00000    -1.00000E+030     1.00000E+030 

    3         0.00000          0.00000    -1.00000E+030     1.00000E+030 

    4         53.9796          1.00000          53.9796          53.9796 
________________________________________________________________________



Time simulation ended:    2003.131 minutos

Lista N° 1: Espera en la cola
Lista N° 2: Espera en el servidor
Lista N° 3: Espera en el sistema
Lista N° 4: Espera de clientes que renunciaron

 sampst                         Number
variable                          of
 number       Average           values          Maximum          Minimum
________________________________________________________________________

    1         0.00000          0.00000    -1.00000E+030     1.00000E+030 

    2         0.00000          0.00000    -1.00000E+030     1.00000E+030 

    3         0.00000          0.00000    -1.00000E+030     1.00000E+030 

    4         15.0803          1.00000          15.0803          15.0803 
________________________________________________________________________



Time simulation ended:    2002.266 minutos

Lista N° 1: Espera en la cola
Lista N° 2: Espera en el servidor
Lista N° 3: Espera en el sistema
Lista N° 4: Espera de clientes que renunciaron

 sampst                         Number
variable                          of
 number       Average           values          Maximum          Minimum
________________________________________________________________________

    1         0.00000          0.00000    -1.00000E+030     1.00000E+030 

    2         0.00000          0.00000    -1.00000E+030     1.00000E+030 

    3         0.00000          0.00000    -1.00000E+030     1.00000E+030 

    4         15.4320          1.00000          15.4320          15.4320 
________________________________________________________________________



Time simulation ended:    2006.516 minutos

